<?xml version="1.0" encoding="UTF-8" ?>
<testsuite failures="0" time="0.012" errors="0" skipped="0" tests="1" name="com.bmchild.AppTest">
  <properties>
    <property name="java.runtime.name" value="Java(TM) SE Runtime Environment"/>
    <property name="sun.boot.library.path" value="C:\Program Files\Java\jdk1.6.0_29\jre\bin"/>
    <property name="java.vm.version" value="20.4-b02"/>
    <property name="java.vm.vendor" value="Sun Microsystems Inc."/>
    <property name="java.vendor.url" value="http://java.sun.com/"/>
    <property name="path.separator" value=";"/>
    <property name="java.vm.name" value="Java HotSpot(TM) 64-Bit Server VM"/>
    <property name="file.encoding.pkg" value="sun.io"/>
    <property name="user.country" value="US"/>
    <property name="sun.java.launcher" value="SUN_STANDARD"/>
    <property name="sun.os.patch.level" value="Service Pack 1"/>
    <property name="java.vm.specification.name" value="Java Virtual Machine Specification"/>
    <property name="user.dir" value="C:\Users\bchild\Projects\workspace-bmchild\gitmodules\gitmodules-model\gitmodules-data"/>
    <property name="java.runtime.version" value="1.6.0_29-b11"/>
    <property name="java.awt.graphicsenv" value="sun.awt.Win32GraphicsEnvironment"/>
    <property name="basedir" value="C:\Users\bchild\Projects\workspace-bmchild\gitmodules\gitmodules-model\gitmodules-data"/>
    <property name="java.endorsed.dirs" value="C:\Program Files\Java\jdk1.6.0_29\jre\lib\endorsed"/>
    <property name="os.arch" value="amd64"/>
    <property name="surefire.real.class.path" value="C:\Users\bchild\Projects\workspace-bmchild\gitmodules\gitmodules-model\gitmodules-data\target\surefire\surefirebooter6338157292277111963.jar"/>
    <property name="java.io.tmpdir" value="C:\Users\bchild\AppData\Local\Temp\"/>
    <property name="line.separator" value="
"/>
    <property name="java.vm.specification.vendor" value="Sun Microsystems Inc."/>
    <property name="user.variant" value=""/>
    <property name="os.name" value="Windows 7"/>
    <property name="sun.jnu.encoding" value="Cp1252"/>
    <property name="java.library.path" value="C:\Program Files\Java\jdk1.6.0_29\jre\bin;C:\windows\Sun\Java\bin;C:\windows\system32;C:\windows;C:\Program Files\Common Files\Microsoft Shared\Windows Live;C:\Program Files (x86)\Common Files\Microsoft Shared\Windows Live;C:\windows\system32;C:\windows;C:\windows\System32\Wbem;C:\windows\System32\WindowsPowerShell\v1.0\;C:\Program Files\Intel\WiFi\bin\;C:\Program Files\Common Files\Intel\WirelessCommon\;C:\Program Files (x86)\EgisTec BioExcess\x64;C:\Program Files (x86)\EgisTec BioExcess\;C:\Program Files (x86)\EgisTec Port Locker\x64;C:\Program Files (x86)\EgisTec Port Locker\;C:\Program Files (x86)\Windows Live\Shared;C:\Program Files\MySQL\MySQL Server 5.5\bin;C:\Program Files\TortoiseSVN\bin;C:\Program Files\Microsoft SQL Server\90\DTS\Binn\;C:\Program Files (x86)\Microsoft SQL Server\90\DTS\Binn\;C:\Program Files (x86)\Calibre2\;C:\Program Files (x86)\Heroku\bin;C:\Program Files (x86)\ruby-1.9.3\bin;C:\Program Files (x86)\git\bin;C:\Program Files (x86)\git\cmd;C:\Program Files (x86)\Git\cmd;C:\Program Files (x86)\scala\\bin;C:\Program Files (x86)\sbt\;C:\Program Files\SlikSvn\bin;C:\Program Files\Java\jdk1.6.0_29\bin;C:\Program Files (x86)\apache-maven-3.0.3\bin;C:\Users\bchild\Programs\play-2.0.3-RC1;C:\Program Files (x86)\scala\bin;C:\Users\bchild\Programs\curl-7.27.0-rtmp-ssh2-ssl-sspi-zlib-idn-static-bin-w32;C:\Users\bchild\Programs\ENMFP_codegen\Release;C:\Users\bchild\Programs\ffmpeg-20120907-git-070b0e1-win64-static\bin;C:\Users\bchild\Programs\ENMFP_codegen;."/>
    <property name="surefire.test.class.path" value="C:\Users\bchild\Projects\workspace-bmchild\gitmodules\gitmodules-model\gitmodules-data\target\test-classes;C:\Users\bchild\Projects\workspace-bmchild\gitmodules\gitmodules-model\gitmodules-data\target\classes;C:\Users\bchild\.m2\repository\org\springframework\spring-context\3.1.2.RELEASE\spring-context-3.1.2.RELEASE.jar;C:\Users\bchild\.m2\repository\org\springframework\spring-aop\3.1.2.RELEASE\spring-aop-3.1.2.RELEASE.jar;C:\Users\bchild\.m2\repository\org\springframework\spring-beans\3.1.2.RELEASE\spring-beans-3.1.2.RELEASE.jar;C:\Users\bchild\.m2\repository\org\springframework\spring-core\3.1.2.RELEASE\spring-core-3.1.2.RELEASE.jar;C:\Users\bchild\.m2\repository\org\springframework\spring-expression\3.1.2.RELEASE\spring-expression-3.1.2.RELEASE.jar;C:\Users\bchild\.m2\repository\org\springframework\spring-asm\3.1.2.RELEASE\spring-asm-3.1.2.RELEASE.jar;C:\Users\bchild\.m2\repository\org\springframework\spring-webmvc\3.1.2.RELEASE\spring-webmvc-3.1.2.RELEASE.jar;C:\Users\bchild\.m2\repository\org\springframework\spring-context-support\3.1.2.RELEASE\spring-context-support-3.1.2.RELEASE.jar;C:\Users\bchild\.m2\repository\org\springframework\spring-web\3.1.2.RELEASE\spring-web-3.1.2.RELEASE.jar;C:\Users\bchild\.m2\repository\org\springframework\security\spring-security-config\3.1.0.RELEASE\spring-security-config-3.1.0.RELEASE.jar;C:\Users\bchild\.m2\repository\aopalliance\aopalliance\1.0\aopalliance-1.0.jar;C:\Users\bchild\.m2\repository\org\springframework\security\spring-security-core\3.1.0.RELEASE\spring-security-core-3.1.0.RELEASE.jar;C:\Users\bchild\.m2\repository\org\springframework\security\spring-security-crypto\3.1.0.RELEASE\spring-security-crypto-3.1.0.RELEASE.jar;C:\Users\bchild\.m2\repository\org\springframework\security\spring-security-web\3.1.0.RELEASE\spring-security-web-3.1.0.RELEASE.jar;C:\Users\bchild\.m2\repository\org\springframework\security\spring-security-taglibs\3.1.0.RELEASE\spring-security-taglibs-3.1.0.RELEASE.jar;C:\Users\bchild\.m2\repository\org\springframework\security\spring-security-acl\3.1.0.RELEASE\spring-security-acl-3.1.0.RELEASE.jar;C:\Users\bchild\.m2\repository\org\springframework\spring-jdbc\3.1.2.RELEASE\spring-jdbc-3.1.2.RELEASE.jar;C:\Users\bchild\.m2\repository\org\springframework\spring-tx\3.1.2.RELEASE\spring-tx-3.1.2.RELEASE.jar;C:\Users\bchild\.m2\repository\org\springframework\spring-orm\3.1.2.RELEASE\spring-orm-3.1.2.RELEASE.jar;C:\Users\bchild\.m2\repository\org\hibernate\hibernate-entitymanager\3.6.8.Final\hibernate-entitymanager-3.6.8.Final.jar;C:\Users\bchild\.m2\repository\org\hibernate\hibernate-core\3.6.8.Final\hibernate-core-3.6.8.Final.jar;C:\Users\bchild\.m2\repository\antlr\antlr\2.7.6\antlr-2.7.6.jar;C:\Users\bchild\.m2\repository\commons-collections\commons-collections\3.1\commons-collections-3.1.jar;C:\Users\bchild\.m2\repository\dom4j\dom4j\1.6.1\dom4j-1.6.1.jar;C:\Users\bchild\.m2\repository\org\hibernate\hibernate-commons-annotations\3.2.0.Final\hibernate-commons-annotations-3.2.0.Final.jar;C:\Users\bchild\.m2\repository\javax\transaction\jta\1.1\jta-1.1.jar;C:\Users\bchild\.m2\repository\javassist\javassist\3.12.0.GA\javassist-3.12.0.GA.jar;C:\Users\bchild\.m2\repository\org\hibernate\javax\persistence\hibernate-jpa-2.0-api\1.0.1.Final\hibernate-jpa-2.0-api-1.0.1.Final.jar;C:\Users\bchild\.m2\repository\hsqldb\hsqldb\1.8.0.10\hsqldb-1.8.0.10.jar;C:\Users\bchild\.m2\repository\javax\validation\validation-api\1.0.0.GA\validation-api-1.0.0.GA.jar;C:\Users\bchild\.m2\repository\org\hibernate\hibernate-validator\4.2.0.Final\hibernate-validator-4.2.0.Final.jar;C:\Users\bchild\.m2\repository\org\apache\tiles\tiles-jsp\2.2.2\tiles-jsp-2.2.2.jar;C:\Users\bchild\.m2\repository\org\apache\tiles\tiles-servlet\2.2.2\tiles-servlet-2.2.2.jar;C:\Users\bchild\.m2\repository\org\apache\tiles\tiles-core\2.2.2\tiles-core-2.2.2.jar;C:\Users\bchild\.m2\repository\commons-digester\commons-digester\2.0\commons-digester-2.0.jar;C:\Users\bchild\.m2\repository\commons-beanutils\commons-beanutils\1.8.0\commons-beanutils-1.8.0.jar;C:\Users\bchild\.m2\repository\org\apache\tiles\tiles-template\2.2.2\tiles-template-2.2.2.jar;C:\Users\bchild\.m2\repository\org\apache\tiles\tiles-api\2.2.2\tiles-api-2.2.2.jar;C:\Users\bchild\.m2\repository\cglib\cglib\2.2.2\cglib-2.2.2.jar;C:\Users\bchild\.m2\repository\asm\asm\3.3.1\asm-3.3.1.jar;C:\Users\bchild\.m2\repository\org\aspectj\aspectjrt\1.6.9\aspectjrt-1.6.9.jar;C:\Users\bchild\.m2\repository\org\slf4j\slf4j-api\1.5.10\slf4j-api-1.5.10.jar;C:\Users\bchild\.m2\repository\org\slf4j\jcl-over-slf4j\1.5.10\jcl-over-slf4j-1.5.10.jar;C:\Users\bchild\.m2\repository\org\slf4j\slf4j-log4j12\1.5.10\slf4j-log4j12-1.5.10.jar;C:\Users\bchild\.m2\repository\log4j\log4j\1.2.15\log4j-1.2.15.jar;C:\Users\bchild\.m2\repository\javax\inject\javax.inject\1\javax.inject-1.jar;C:\Users\bchild\.m2\repository\javax\servlet\jstl\1.2\jstl-1.2.jar;C:\Users\bchild\.m2\repository\org\codehaus\jackson\jackson-mapper-asl\1.9.9\jackson-mapper-asl-1.9.9.jar;C:\Users\bchild\.m2\repository\org\codehaus\jackson\jackson-core-asl\1.9.9\jackson-core-asl-1.9.9.jar;C:\Users\bchild\.m2\repository\junit\junit\3.8.1\junit-3.8.1.jar;"/>
    <property name="java.specification.name" value="Java Platform API Specification"/>
    <property name="java.class.version" value="50.0"/>
    <property name="sun.management.compiler" value="HotSpot 64-Bit Tiered Compilers"/>
    <property name="os.version" value="6.1"/>
    <property name="user.home" value="C:\Users\bchild"/>
    <property name="user.timezone" value=""/>
    <property name="java.awt.printerjob" value="sun.awt.windows.WPrinterJob"/>
    <property name="java.specification.version" value="1.6"/>
    <property name="file.encoding" value="Cp1252"/>
    <property name="user.name" value="bchild"/>
    <property name="java.class.path" value="C:\Users\bchild\Projects\workspace-bmchild\gitmodules\gitmodules-model\gitmodules-data\target\test-classes;C:\Users\bchild\Projects\workspace-bmchild\gitmodules\gitmodules-model\gitmodules-data\target\classes;C:\Users\bchild\.m2\repository\org\springframework\spring-context\3.1.2.RELEASE\spring-context-3.1.2.RELEASE.jar;C:\Users\bchild\.m2\repository\org\springframework\spring-aop\3.1.2.RELEASE\spring-aop-3.1.2.RELEASE.jar;C:\Users\bchild\.m2\repository\org\springframework\spring-beans\3.1.2.RELEASE\spring-beans-3.1.2.RELEASE.jar;C:\Users\bchild\.m2\repository\org\springframework\spring-core\3.1.2.RELEASE\spring-core-3.1.2.RELEASE.jar;C:\Users\bchild\.m2\repository\org\springframework\spring-expression\3.1.2.RELEASE\spring-expression-3.1.2.RELEASE.jar;C:\Users\bchild\.m2\repository\org\springframework\spring-asm\3.1.2.RELEASE\spring-asm-3.1.2.RELEASE.jar;C:\Users\bchild\.m2\repository\org\springframework\spring-webmvc\3.1.2.RELEASE\spring-webmvc-3.1.2.RELEASE.jar;C:\Users\bchild\.m2\repository\org\springframework\spring-context-support\3.1.2.RELEASE\spring-context-support-3.1.2.RELEASE.jar;C:\Users\bchild\.m2\repository\org\springframework\spring-web\3.1.2.RELEASE\spring-web-3.1.2.RELEASE.jar;C:\Users\bchild\.m2\repository\org\springframework\security\spring-security-config\3.1.0.RELEASE\spring-security-config-3.1.0.RELEASE.jar;C:\Users\bchild\.m2\repository\aopalliance\aopalliance\1.0\aopalliance-1.0.jar;C:\Users\bchild\.m2\repository\org\springframework\security\spring-security-core\3.1.0.RELEASE\spring-security-core-3.1.0.RELEASE.jar;C:\Users\bchild\.m2\repository\org\springframework\security\spring-security-crypto\3.1.0.RELEASE\spring-security-crypto-3.1.0.RELEASE.jar;C:\Users\bchild\.m2\repository\org\springframework\security\spring-security-web\3.1.0.RELEASE\spring-security-web-3.1.0.RELEASE.jar;C:\Users\bchild\.m2\repository\org\springframework\security\spring-security-taglibs\3.1.0.RELEASE\spring-security-taglibs-3.1.0.RELEASE.jar;C:\Users\bchild\.m2\repository\org\springframework\security\spring-security-acl\3.1.0.RELEASE\spring-security-acl-3.1.0.RELEASE.jar;C:\Users\bchild\.m2\repository\org\springframework\spring-jdbc\3.1.2.RELEASE\spring-jdbc-3.1.2.RELEASE.jar;C:\Users\bchild\.m2\repository\org\springframework\spring-tx\3.1.2.RELEASE\spring-tx-3.1.2.RELEASE.jar;C:\Users\bchild\.m2\repository\org\springframework\spring-orm\3.1.2.RELEASE\spring-orm-3.1.2.RELEASE.jar;C:\Users\bchild\.m2\repository\org\hibernate\hibernate-entitymanager\3.6.8.Final\hibernate-entitymanager-3.6.8.Final.jar;C:\Users\bchild\.m2\repository\org\hibernate\hibernate-core\3.6.8.Final\hibernate-core-3.6.8.Final.jar;C:\Users\bchild\.m2\repository\antlr\antlr\2.7.6\antlr-2.7.6.jar;C:\Users\bchild\.m2\repository\commons-collections\commons-collections\3.1\commons-collections-3.1.jar;C:\Users\bchild\.m2\repository\dom4j\dom4j\1.6.1\dom4j-1.6.1.jar;C:\Users\bchild\.m2\repository\org\hibernate\hibernate-commons-annotations\3.2.0.Final\hibernate-commons-annotations-3.2.0.Final.jar;C:\Users\bchild\.m2\repository\javax\transaction\jta\1.1\jta-1.1.jar;C:\Users\bchild\.m2\repository\javassist\javassist\3.12.0.GA\javassist-3.12.0.GA.jar;C:\Users\bchild\.m2\repository\org\hibernate\javax\persistence\hibernate-jpa-2.0-api\1.0.1.Final\hibernate-jpa-2.0-api-1.0.1.Final.jar;C:\Users\bchild\.m2\repository\hsqldb\hsqldb\1.8.0.10\hsqldb-1.8.0.10.jar;C:\Users\bchild\.m2\repository\javax\validation\validation-api\1.0.0.GA\validation-api-1.0.0.GA.jar;C:\Users\bchild\.m2\repository\org\hibernate\hibernate-validator\4.2.0.Final\hibernate-validator-4.2.0.Final.jar;C:\Users\bchild\.m2\repository\org\apache\tiles\tiles-jsp\2.2.2\tiles-jsp-2.2.2.jar;C:\Users\bchild\.m2\repository\org\apache\tiles\tiles-servlet\2.2.2\tiles-servlet-2.2.2.jar;C:\Users\bchild\.m2\repository\org\apache\tiles\tiles-core\2.2.2\tiles-core-2.2.2.jar;C:\Users\bchild\.m2\repository\commons-digester\commons-digester\2.0\commons-digester-2.0.jar;C:\Users\bchild\.m2\repository\commons-beanutils\commons-beanutils\1.8.0\commons-beanutils-1.8.0.jar;C:\Users\bchild\.m2\repository\org\apache\tiles\tiles-template\2.2.2\tiles-template-2.2.2.jar;C:\Users\bchild\.m2\repository\org\apache\tiles\tiles-api\2.2.2\tiles-api-2.2.2.jar;C:\Users\bchild\.m2\repository\cglib\cglib\2.2.2\cglib-2.2.2.jar;C:\Users\bchild\.m2\repository\asm\asm\3.3.1\asm-3.3.1.jar;C:\Users\bchild\.m2\repository\org\aspectj\aspectjrt\1.6.9\aspectjrt-1.6.9.jar;C:\Users\bchild\.m2\repository\org\slf4j\slf4j-api\1.5.10\slf4j-api-1.5.10.jar;C:\Users\bchild\.m2\repository\org\slf4j\jcl-over-slf4j\1.5.10\jcl-over-slf4j-1.5.10.jar;C:\Users\bchild\.m2\repository\org\slf4j\slf4j-log4j12\1.5.10\slf4j-log4j12-1.5.10.jar;C:\Users\bchild\.m2\repository\log4j\log4j\1.2.15\log4j-1.2.15.jar;C:\Users\bchild\.m2\repository\javax\inject\javax.inject\1\javax.inject-1.jar;C:\Users\bchild\.m2\repository\javax\servlet\jstl\1.2\jstl-1.2.jar;C:\Users\bchild\.m2\repository\org\codehaus\jackson\jackson-mapper-asl\1.9.9\jackson-mapper-asl-1.9.9.jar;C:\Users\bchild\.m2\repository\org\codehaus\jackson\jackson-core-asl\1.9.9\jackson-core-asl-1.9.9.jar;C:\Users\bchild\.m2\repository\junit\junit\3.8.1\junit-3.8.1.jar;"/>
    <property name="java.vm.specification.version" value="1.0"/>
    <property name="sun.arch.data.model" value="64"/>
    <property name="java.home" value="C:\Program Files\Java\jdk1.6.0_29\jre"/>
    <property name="sun.java.command" value="C:\Users\bchild\Projects\workspace-bmchild\gitmodules\gitmodules-model\gitmodules-data\target\surefire\surefirebooter6338157292277111963.jar C:\Users\bchild\Projects\workspace-bmchild\gitmodules\gitmodules-model\gitmodules-data\target\surefire\surefire932989539348750923tmp C:\Users\bchild\Projects\workspace-bmchild\gitmodules\gitmodules-model\gitmodules-data\target\surefire\surefire5964536300560904817tmp"/>
    <property name="java.specification.vendor" value="Sun Microsystems Inc."/>
    <property name="user.language" value="en"/>
    <property name="awt.toolkit" value="sun.awt.windows.WToolkit"/>
    <property name="java.vm.info" value="mixed mode"/>
    <property name="java.version" value="1.6.0_29"/>
    <property name="java.ext.dirs" value="C:\Program Files\Java\jdk1.6.0_29\jre\lib\ext;C:\windows\Sun\Java\lib\ext"/>
    <property name="sun.boot.class.path" value="C:\Program Files\Java\jdk1.6.0_29\jre\lib\resources.jar;C:\Program Files\Java\jdk1.6.0_29\jre\lib\rt.jar;C:\Program Files\Java\jdk1.6.0_29\jre\lib\sunrsasign.jar;C:\Program Files\Java\jdk1.6.0_29\jre\lib\jsse.jar;C:\Program Files\Java\jdk1.6.0_29\jre\lib\jce.jar;C:\Program Files\Java\jdk1.6.0_29\jre\lib\charsets.jar;C:\Program Files\Java\jdk1.6.0_29\jre\lib\modules\jdk.boot.jar;C:\Program Files\Java\jdk1.6.0_29\jre\classes"/>
    <property name="java.vendor" value="Sun Microsystems Inc."/>
    <property name="localRepository" value="C:\Users\bchild\.m2\repository"/>
    <property name="file.separator" value="\"/>
    <property name="java.vendor.url.bug" value="http://java.sun.com/cgi-bin/bugreport.cgi"/>
    <property name="sun.cpu.endian" value="little"/>
    <property name="sun.io.unicode.encoding" value="UnicodeLittle"/>
    <property name="sun.desktop" value="windows"/>
    <property name="sun.cpu.isalist" value="amd64"/>
  </properties>
  <testcase time="0.002" classname="com.bmchild.AppTest" name="testApp"/>
</testsuite>